<?xml version="1.0" encoding="UTF-8"?>
<testng-results ignored="0" total="3" passed="3" failed="0" skipped="0">
  <reporter-output>
  </reporter-output>
  <suite started-at="2026-04-27T15:14:39 IST" name="Surefire suite" finished-at="2026-04-27T15:16:14 IST" duration-ms="95727">
    <groups>
    </groups>
    <test started-at="2026-04-27T15:14:39 IST" name="Surefire test" finished-at="2026-04-27T15:16:14 IST" duration-ms="95727">
      <class name="sdet.SeleniumTest">
        <test-method signature="f()[pri:0, instance:sdet.SeleniumTest@75f9eccc]" started-at="2026-04-27T15:14:39 IST" name="f" finished-at="2026-04-27T15:16:14 IST" duration-ms="95585" status="PASS">
          <reporter-output>
          </reporter-output>
        </test-method> <!-- f -->
      </class> <!-- sdet.SeleniumTest -->
      <class name="sdet.AppTest">
        <test-method signature="testlogin1()[pri:0, instance:sdet.AppTest@1e67a849]" started-at="2026-04-27T15:14:39 IST" name="testlogin1" finished-at="2026-04-27T15:14:39 IST" duration-ms="40" status="PASS">
          <reporter-output>
          </reporter-output>
        </test-method> <!-- testlogin1 -->
        <test-method signature="testlogin2()[pri:0, instance:sdet.AppTest@1e67a849]" started-at="2026-04-27T15:14:39 IST" name="testlogin2" finished-at="2026-04-27T15:14:39 IST" duration-ms="1" status="PASS">
          <reporter-output>
          </reporter-output>
        </test-method> <!-- testlogin2 -->
      </class> <!-- sdet.AppTest -->
    </test> <!-- Surefire test -->
  </suite> <!-- Surefire suite -->
</testng-results>
